
  .   ____          _            __ _ _
 /\\ / ___'_ __ _ _(_)_ __  __ _ \ \ \ \
( ( )\___ | '_ | '_| | '_ \/ _` | \ \ \ \
 \\/  ___)| |_)| | | | | || (_| |  ) ) ) )
  '  |____| .__|_| |_|_| |_\__, | / / / /
 =========|_|==============|___/=/_/_/_/
 :: Spring Boot ::               (v2.7.13)

2023-07-18 08:24:20.622  INFO 36497 --- [           main] b.c.PropertySourceBootstrapConfiguration : Located property source: [BootstrapPropertySource {name='bootstrapProperties-/secret/shellwe'}, BootstrapPropertySource {name='bootstrapProperties-/secret/application'}]
2023-07-18 08:24:20.667  INFO 36497 --- [           main] c.s.websocket.WebsocketApplication       : No active profile set, falling back to 1 default profile: "default"
2023-07-18 08:24:22.274  INFO 36497 --- [           main] .s.d.r.c.RepositoryConfigurationDelegate : Bootstrapping Spring Data JPA repositories in DEFAULT mode.
2023-07-18 08:24:22.446  INFO 36497 --- [           main] .s.d.r.c.RepositoryConfigurationDelegate : Finished Spring Data repository scanning in 153 ms. Found 4 JPA repository interfaces.
2023-07-18 08:24:22.989  INFO 36497 --- [           main] o.s.cloud.context.scope.GenericScope     : BeanFactory id=4bf8486e-e5e7-310d-a5e9-265d92b7fe45
2023-07-18 08:24:24.043  INFO 36497 --- [           main] o.s.b.w.embedded.tomcat.TomcatWebServer  : Tomcat initialized with port(s): 8081 (http)
2023-07-18 08:24:24.065  INFO 36497 --- [           main] o.apache.catalina.core.StandardService   : Starting service [Tomcat]
2023-07-18 08:24:24.066  INFO 36497 --- [           main] org.apache.catalina.core.StandardEngine  : Starting Servlet engine: [Apache Tomcat/9.0.76]
2023-07-18 08:24:24.207  INFO 36497 --- [           main] o.a.c.c.C.[Tomcat].[localhost].[/]       : Initializing Spring embedded WebApplicationContext
2023-07-18 08:24:24.209  INFO 36497 --- [           main] w.s.c.ServletWebServerApplicationContext : Root WebApplicationContext: initialization completed in 3499 ms
2023-07-18 08:24:24.683  INFO 36497 --- [           main] com.zaxxer.hikari.HikariDataSource       : HikariPool-1 - Starting...
2023-07-18 08:24:25.087  INFO 36497 --- [           main] com.zaxxer.hikari.HikariDataSource       : HikariPool-1 - Start completed.
2023-07-18 08:24:25.307 DEBUG 36497 --- [           main] j.LocalContainerEntityManagerFactoryBean : Building JPA container EntityManagerFactory for persistence unit 'default'
2023-07-18 08:24:25.343  INFO 36497 --- [           main] o.hibernate.jpa.internal.util.LogHelper  : HHH000204: Processing PersistenceUnitInfo [name: default]
2023-07-18 08:24:25.477  INFO 36497 --- [           main] org.hibernate.Version                    : HHH000412: Hibernate ORM core version 5.6.15.Final
2023-07-18 08:24:25.961  INFO 36497 --- [           main] o.hibernate.annotations.common.Version   : HCANN000001: Hibernate Commons Annotations {5.1.2.Final}
2023-07-18 08:24:26.241  INFO 36497 --- [           main] org.hibernate.dialect.Dialect            : HHH000400: Using dialect: org.hibernate.dialect.MySQL8Dialect
2023-07-18 08:24:28.192  INFO 36497 --- [           main] o.h.e.t.j.p.i.JtaPlatformInitiator       : HHH000490: Using JtaPlatform implementation: [org.hibernate.engine.transaction.jta.platform.internal.NoJtaPlatform]
2023-07-18 08:24:28.221  INFO 36497 --- [           main] j.LocalContainerEntityManagerFactoryBean : Initialized JPA EntityManagerFactory for persistence unit 'default'
2023-07-18 08:24:28.487 DEBUG 36497 --- [           main] tor$SharedEntityManagerInvocationHandler : Creating new EntityManager for shared EntityManager invocation
2023-07-18 08:24:28.615 DEBUG 36497 --- [           main] tor$SharedEntityManagerInvocationHandler : Creating new EntityManager for shared EntityManager invocation
2023-07-18 08:24:28.818 DEBUG 36497 --- [           main] tor$SharedEntityManagerInvocationHandler : Creating new EntityManager for shared EntityManager invocation
2023-07-18 08:24:29.010 DEBUG 36497 --- [           main] tor$SharedEntityManagerInvocationHandler : Creating new EntityManager for shared EntityManager invocation
2023-07-18 08:24:29.150 DEBUG 36497 --- [           main] tor$SharedEntityManagerInvocationHandler : Creating new EntityManager for shared EntityManager invocation
2023-07-18 08:24:29.160 DEBUG 36497 --- [           main] tor$SharedEntityManagerInvocationHandler : Creating new EntityManager for shared EntityManager invocation
2023-07-18 08:24:29.171 DEBUG 36497 --- [           main] tor$SharedEntityManagerInvocationHandler : Creating new EntityManager for shared EntityManager invocation
2023-07-18 08:24:29.214 DEBUG 36497 --- [           main] tor$SharedEntityManagerInvocationHandler : Creating new EntityManager for shared EntityManager invocation
2023-07-18 08:24:29.224 DEBUG 36497 --- [           main] tor$SharedEntityManagerInvocationHandler : Creating new EntityManager for shared EntityManager invocation
2023-07-18 08:24:29.267 DEBUG 36497 --- [           main] tor$SharedEntityManagerInvocationHandler : Creating new EntityManager for shared EntityManager invocation
2023-07-18 08:24:29.296 DEBUG 36497 --- [           main] tor$SharedEntityManagerInvocationHandler : Creating new EntityManager for shared EntityManager invocation
2023-07-18 08:24:29.300 DEBUG 36497 --- [           main] tor$SharedEntityManagerInvocationHandler : Creating new EntityManager for shared EntityManager invocation
2023-07-18 08:24:29.351 DEBUG 36497 --- [           main] tor$SharedEntityManagerInvocationHandler : Creating new EntityManager for shared EntityManager invocation
2023-07-18 08:24:29.356 DEBUG 36497 --- [           main] tor$SharedEntityManagerInvocationHandler : Creating new EntityManager for shared EntityManager invocation
2023-07-18 08:24:29.392 DEBUG 36497 --- [           main] tor$SharedEntityManagerInvocationHandler : Creating new EntityManager for shared EntityManager invocation
2023-07-18 08:24:29.393 DEBUG 36497 --- [           main] tor$SharedEntityManagerInvocationHandler : Creating new EntityManager for shared EntityManager invocation
2023-07-18 08:24:29.413 DEBUG 36497 --- [           main] tor$SharedEntityManagerInvocationHandler : Creating new EntityManager for shared EntityManager invocation
2023-07-18 08:24:30.118  INFO 36497 --- [           main] o.s.s.web.DefaultSecurityFilterChain     : Will secure any request with [org.springframework.security.web.session.DisableEncodeUrlFilter@51ac12ac, org.springframework.security.web.context.request.async.WebAsyncManagerIntegrationFilter@463afa6e, org.springframework.security.web.context.SecurityContextPersistenceFilter@3e5beab5, org.springframework.security.web.header.HeaderWriterFilter@48cd319d, org.springframework.web.filter.CorsFilter@7b96de8d, org.springframework.security.web.authentication.logout.LogoutFilter@6544899b, com.shellwe.websocket.auth.filter.JwtVerificationFilter@7ccd611e, org.springframework.security.web.savedrequest.RequestCacheAwareFilter@33ec2c0c, org.springframework.security.web.servletapi.SecurityContextHolderAwareRequestFilter@3887c7d7, org.springframework.security.web.authentication.AnonymousAuthenticationFilter@4dc52559, org.springframework.security.web.session.SessionManagementFilter@4ef18604, org.springframework.security.web.access.ExceptionTranslationFilter@38732364, org.springframework.security.web.access.intercept.AuthorizationFilter@5d194314]
2023-07-18 08:24:30.137  WARN 36497 --- [           main] o.s.s.c.a.web.builders.WebSecurity       : 

********************************************************************
**********        Security debugging is enabled.       *************
**********    This may include sensitive information.  *************
**********      Do not use in a production system!     *************
********************************************************************


2023-07-18 08:24:30.383  WARN 36497 --- [           main] JpaBaseConfiguration$JpaWebConfiguration : spring.jpa.open-in-view is enabled by default. Therefore, database queries may be performed during view rendering. Explicitly configure spring.jpa.open-in-view to disable this warning
2023-07-18 08:24:31.311  WARN 36497 --- [           main] ConfigServletWebServerApplicationContext : Exception encountered during context initialization - cancelling refresh attempt: org.springframework.context.ApplicationContextException: Failed to start bean 'webServerStartStop'; nested exception is org.springframework.boot.web.server.PortInUseException: Port 8081 is already in use
2023-07-18 08:24:31.317  INFO 36497 --- [           main] j.LocalContainerEntityManagerFactoryBean : Closing JPA EntityManagerFactory for persistence unit 'default'
2023-07-18 08:24:31.323  INFO 36497 --- [           main] com.zaxxer.hikari.HikariDataSource       : HikariPool-1 - Shutdown initiated...
2023-07-18 08:24:31.343  INFO 36497 --- [           main] com.zaxxer.hikari.HikariDataSource       : HikariPool-1 - Shutdown completed.
2023-07-18 08:24:31.344  INFO 36497 --- [           main] o.apache.catalina.core.StandardService   : Stopping service [Tomcat]
2023-07-18 08:24:31.374  INFO 36497 --- [           main] ConditionEvaluationReportLoggingListener : 

Error starting ApplicationContext. To display the conditions report re-run your application with 'debug' enabled.
2023-07-18 08:24:31.423 ERROR 36497 --- [           main] o.s.b.d.LoggingFailureAnalysisReporter   : 

***************************
APPLICATION FAILED TO START
***************************

Description:

Web server failed to start. Port 8081 was already in use.

Action:

Identify and stop the process that's listening on port 8081 or configure this application to listen on another port.


  .   ____          _            __ _ _
 /\\ / ___'_ __ _ _(_)_ __  __ _ \ \ \ \
( ( )\___ | '_ | '_| | '_ \/ _` | \ \ \ \
 \\/  ___)| |_)| | | | | || (_| |  ) ) ) )
  '  |____| .__|_| |_|_| |_\__, | / / / /
 =========|_|==============|___/=/_/_/_/
 :: Spring Boot ::               (v2.7.13)

2023-07-18 08:24:40.547  INFO 36524 --- [           main] b.c.PropertySourceBootstrapConfiguration : Located property source: [BootstrapPropertySource {name='bootstrapProperties-/secret/shellwe'}, BootstrapPropertySource {name='bootstrapProperties-/secret/application'}]
2023-07-18 08:24:40.601  INFO 36524 --- [           main] c.s.websocket.WebsocketApplication       : No active profile set, falling back to 1 default profile: "default"
2023-07-18 08:24:42.176  INFO 36524 --- [           main] .s.d.r.c.RepositoryConfigurationDelegate : Bootstrapping Spring Data JPA repositories in DEFAULT mode.
2023-07-18 08:24:42.337  INFO 36524 --- [           main] .s.d.r.c.RepositoryConfigurationDelegate : Finished Spring Data repository scanning in 142 ms. Found 4 JPA repository interfaces.
2023-07-18 08:24:42.829  INFO 36524 --- [           main] o.s.cloud.context.scope.GenericScope     : BeanFactory id=4bf8486e-e5e7-310d-a5e9-265d92b7fe45
2023-07-18 08:24:43.854  INFO 36524 --- [           main] o.s.b.w.embedded.tomcat.TomcatWebServer  : Tomcat initialized with port(s): 8081 (http)
2023-07-18 08:24:43.883  INFO 36524 --- [           main] o.apache.catalina.core.StandardService   : Starting service [Tomcat]
2023-07-18 08:24:43.884  INFO 36524 --- [           main] org.apache.catalina.core.StandardEngine  : Starting Servlet engine: [Apache Tomcat/9.0.76]
2023-07-18 08:24:44.021  INFO 36524 --- [           main] o.a.c.c.C.[Tomcat].[localhost].[/]       : Initializing Spring embedded WebApplicationContext
2023-07-18 08:24:44.025  INFO 36524 --- [           main] w.s.c.ServletWebServerApplicationContext : Root WebApplicationContext: initialization completed in 3380 ms
2023-07-18 08:24:44.472  INFO 36524 --- [           main] com.zaxxer.hikari.HikariDataSource       : HikariPool-1 - Starting...
2023-07-18 08:24:44.878  INFO 36524 --- [           main] com.zaxxer.hikari.HikariDataSource       : HikariPool-1 - Start completed.
2023-07-18 08:24:45.106 DEBUG 36524 --- [           main] j.LocalContainerEntityManagerFactoryBean : Building JPA container EntityManagerFactory for persistence unit 'default'
2023-07-18 08:24:45.141  INFO 36524 --- [           main] o.hibernate.jpa.internal.util.LogHelper  : HHH000204: Processing PersistenceUnitInfo [name: default]
2023-07-18 08:24:45.267  INFO 36524 --- [           main] org.hibernate.Version                    : HHH000412: Hibernate ORM core version 5.6.15.Final
2023-07-18 08:24:45.795  INFO 36524 --- [           main] o.hibernate.annotations.common.Version   : HCANN000001: Hibernate Commons Annotations {5.1.2.Final}
2023-07-18 08:24:46.074  INFO 36524 --- [           main] org.hibernate.dialect.Dialect            : HHH000400: Using dialect: org.hibernate.dialect.MySQL8Dialect
2023-07-18 08:24:47.962  INFO 36524 --- [           main] o.h.e.t.j.p.i.JtaPlatformInitiator       : HHH000490: Using JtaPlatform implementation: [org.hibernate.engine.transaction.jta.platform.internal.NoJtaPlatform]
2023-07-18 08:24:47.991  INFO 36524 --- [           main] j.LocalContainerEntityManagerFactoryBean : Initialized JPA EntityManagerFactory for persistence unit 'default'
2023-07-18 08:24:48.258 DEBUG 36524 --- [           main] tor$SharedEntityManagerInvocationHandler : Creating new EntityManager for shared EntityManager invocation
2023-07-18 08:24:48.388 DEBUG 36524 --- [           main] tor$SharedEntityManagerInvocationHandler : Creating new EntityManager for shared EntityManager invocation
2023-07-18 08:24:48.587 DEBUG 36524 --- [           main] tor$SharedEntityManagerInvocationHandler : Creating new EntityManager for shared EntityManager invocation
2023-07-18 08:24:48.775 DEBUG 36524 --- [           main] tor$SharedEntityManagerInvocationHandler : Creating new EntityManager for shared EntityManager invocation
2023-07-18 08:24:48.919 DEBUG 36524 --- [           main] tor$SharedEntityManagerInvocationHandler : Creating new EntityManager for shared EntityManager invocation
2023-07-18 08:24:48.928 DEBUG 36524 --- [           main] tor$SharedEntityManagerInvocationHandler : Creating new EntityManager for shared EntityManager invocation
2023-07-18 08:24:48.931 DEBUG 36524 --- [           main] tor$SharedEntityManagerInvocationHandler : Creating new EntityManager for shared EntityManager invocation
2023-07-18 08:24:48.976 DEBUG 36524 --- [           main] tor$SharedEntityManagerInvocationHandler : Creating new EntityManager for shared EntityManager invocation
2023-07-18 08:24:48.982 DEBUG 36524 --- [           main] tor$SharedEntityManagerInvocationHandler : Creating new EntityManager for shared EntityManager invocation
2023-07-18 08:24:49.030 DEBUG 36524 --- [           main] tor$SharedEntityManagerInvocationHandler : Creating new EntityManager for shared EntityManager invocation
2023-07-18 08:24:49.056 DEBUG 36524 --- [           main] tor$SharedEntityManagerInvocationHandler : Creating new EntityManager for shared EntityManager invocation
2023-07-18 08:24:49.061 DEBUG 36524 --- [           main] tor$SharedEntityManagerInvocationHandler : Creating new EntityManager for shared EntityManager invocation
2023-07-18 08:24:49.117 DEBUG 36524 --- [           main] tor$SharedEntityManagerInvocationHandler : Creating new EntityManager for shared EntityManager invocation
2023-07-18 08:24:49.120 DEBUG 36524 --- [           main] tor$SharedEntityManagerInvocationHandler : Creating new EntityManager for shared EntityManager invocation
2023-07-18 08:24:49.154 DEBUG 36524 --- [           main] tor$SharedEntityManagerInvocationHandler : Creating new EntityManager for shared EntityManager invocation
2023-07-18 08:24:49.159 DEBUG 36524 --- [           main] tor$SharedEntityManagerInvocationHandler : Creating new EntityManager for shared EntityManager invocation
2023-07-18 08:24:49.176 DEBUG 36524 --- [           main] tor$SharedEntityManagerInvocationHandler : Creating new EntityManager for shared EntityManager invocation
2023-07-18 08:24:49.874  INFO 36524 --- [           main] o.s.s.web.DefaultSecurityFilterChain     : Will secure any request with [org.springframework.security.web.session.DisableEncodeUrlFilter@119290b9, org.springframework.security.web.context.request.async.WebAsyncManagerIntegrationFilter@640d604, org.springframework.security.web.context.SecurityContextPersistenceFilter@526f6427, org.springframework.security.web.header.HeaderWriterFilter@7c588adc, org.springframework.web.filter.CorsFilter@62cbc478, org.springframework.security.web.authentication.logout.LogoutFilter@7c8874ef, com.shellwe.websocket.auth.filter.JwtVerificationFilter@5438fa43, org.springframework.security.web.savedrequest.RequestCacheAwareFilter@492521c4, org.springframework.security.web.servletapi.SecurityContextHolderAwareRequestFilter@6ddd1c51, org.springframework.security.web.authentication.AnonymousAuthenticationFilter@512abf25, org.springframework.security.web.session.SessionManagementFilter@5968800d, org.springframework.security.web.access.ExceptionTranslationFilter@16cf8438, org.springframework.security.web.access.intercept.AuthorizationFilter@7ccd611e]
2023-07-18 08:24:49.885  WARN 36524 --- [           main] o.s.s.c.a.web.builders.WebSecurity       : 

********************************************************************
**********        Security debugging is enabled.       *************
**********    This may include sensitive information.  *************
**********      Do not use in a production system!     *************
********************************************************************


2023-07-18 08:24:50.120  WARN 36524 --- [           main] JpaBaseConfiguration$JpaWebConfiguration : spring.jpa.open-in-view is enabled by default. Therefore, database queries may be performed during view rendering. Explicitly configure spring.jpa.open-in-view to disable this warning
2023-07-18 08:24:51.053  WARN 36524 --- [           main] ConfigServletWebServerApplicationContext : Exception encountered during context initialization - cancelling refresh attempt: org.springframework.context.ApplicationContextException: Failed to start bean 'webServerStartStop'; nested exception is org.springframework.boot.web.server.PortInUseException: Port 8081 is already in use
2023-07-18 08:24:51.061  INFO 36524 --- [           main] j.LocalContainerEntityManagerFactoryBean : Closing JPA EntityManagerFactory for persistence unit 'default'
2023-07-18 08:24:51.069  INFO 36524 --- [           main] com.zaxxer.hikari.HikariDataSource       : HikariPool-1 - Shutdown initiated...
2023-07-18 08:24:51.088  INFO 36524 --- [           main] com.zaxxer.hikari.HikariDataSource       : HikariPool-1 - Shutdown completed.
2023-07-18 08:24:51.089  INFO 36524 --- [           main] o.apache.catalina.core.StandardService   : Stopping service [Tomcat]
2023-07-18 08:24:51.116  INFO 36524 --- [           main] ConditionEvaluationReportLoggingListener : 

Error starting ApplicationContext. To display the conditions report re-run your application with 'debug' enabled.
2023-07-18 08:24:51.164 ERROR 36524 --- [           main] o.s.b.d.LoggingFailureAnalysisReporter   : 

***************************
APPLICATION FAILED TO START
***************************

Description:

Web server failed to start. Port 8081 was already in use.

Action:

Identify and stop the process that's listening on port 8081 or configure this application to listen on another port.

